<?xml version="1.0" encoding="UTF-8"?>
<!-- Generated by org.testng.reporters.JUnitReportReporter -->
<testsuite skipped="0" hostname="DHRSJCLPLS0027" name="com.pid.qa.dataIngestion.CRUD_ACLs" tests="3" failures="0" timestamp="2020-03-03T20:11:48 IST" time="4.969" errors="0">
  <testcase name="ACLtest" time="1.680" classname="com.pid.qa.dataIngestion.CRUD_ACLs"/>
  <testcase name="ACLtest" time="1.470" classname="com.pid.qa.dataIngestion.CRUD_ACLs"/>
  <testcase name="ACLtest" time="1.819" classname="com.pid.qa.dataIngestion.CRUD_ACLs"/>
</testsuite> <!-- com.pid.qa.dataIngestion.CRUD_ACLs -->
