<?xml version="1.0" encoding="UTF-8"?>
<!-- Generated by org.testng.reporters.JUnitReportReporter -->
<testsuite skipped="0" hostname="DHRSJC00SM0029" name="com.pid.qa.usermgmt.UserAuthentication" tests="12" failures="0" timestamp="24 Jun 2020 17:22:33 GMT" time="12.613" errors="0">
  <testcase name="userAuthenticationTest" time="1.082" classname="com.pid.qa.usermgmt.UserAuthentication"/>
  <testcase name="userAuthenticationTest" time="1.121" classname="com.pid.qa.usermgmt.UserAuthentication"/>
  <testcase name="userAuthenticationTest" time="1.086" classname="com.pid.qa.usermgmt.UserAuthentication"/>
  <testcase name="userAuthenticationTest" time="1.290" classname="com.pid.qa.usermgmt.UserAuthentication"/>
  <testcase name="userAuthenticationTest" time="1.151" classname="com.pid.qa.usermgmt.UserAuthentication"/>
  <testcase name="userAuthenticationTest" time="1.157" classname="com.pid.qa.usermgmt.UserAuthentication"/>
  <testcase name="userAuthenticationTest" time="1.087" classname="com.pid.qa.usermgmt.UserAuthentication"/>
  <testcase name="userAuthenticationTest" time="1.127" classname="com.pid.qa.usermgmt.UserAuthentication"/>
  <testcase name="userAuthenticationTest" time="1.138" classname="com.pid.qa.usermgmt.UserAuthentication"/>
  <testcase name="userAuthenticationTest" time="0.001" classname="com.pid.qa.usermgmt.UserAuthentication"/>
  <testcase name="userAuthenticationTest" time="1.222" classname="com.pid.qa.usermgmt.UserAuthentication"/>
  <testcase name="userAuthenticationTest" time="1.151" classname="com.pid.qa.usermgmt.UserAuthentication"/>
</testsuite> <!-- com.pid.qa.usermgmt.UserAuthentication -->
