<?xml version="1.0" encoding="UTF-8"?>
<!-- Generated by org.testng.reporters.JUnitReportReporter -->
<testsuite skipped="0" hostname="DHRSJC00SM0029" name="com.pid.qa.usermgmt.CRUD_UserResource" tests="43" failures="0" timestamp="07 Jul 2020 11:05:04 GMT" time="53.076" errors="0">
  <testcase name="userResourceTest" time="1.168" classname="com.pid.qa.usermgmt.CRUD_UserResource"/>
  <testcase name="userResourceTest" time="1.231" classname="com.pid.qa.usermgmt.CRUD_UserResource"/>
  <testcase name="userResourceTest" time="1.249" classname="com.pid.qa.usermgmt.CRUD_UserResource"/>
  <testcase name="userResourceTest" time="1.164" classname="com.pid.qa.usermgmt.CRUD_UserResource"/>
  <testcase name="userResourceTest" time="1.242" classname="com.pid.qa.usermgmt.CRUD_UserResource"/>
  <testcase name="userResourceTest" time="1.245" classname="com.pid.qa.usermgmt.CRUD_UserResource"/>
  <testcase name="userResourceTest" time="1.201" classname="com.pid.qa.usermgmt.CRUD_UserResource"/>
  <testcase name="userResourceTest" time="1.239" classname="com.pid.qa.usermgmt.CRUD_UserResource"/>
  <testcase name="userResourceTest" time="1.153" classname="com.pid.qa.usermgmt.CRUD_UserResource"/>
  <testcase name="userResourceTest" time="1.150" classname="com.pid.qa.usermgmt.CRUD_UserResource"/>
  <testcase name="userResourceTest" time="1.158" classname="com.pid.qa.usermgmt.CRUD_UserResource"/>
  <testcase name="userResourceTest" time="1.173" classname="com.pid.qa.usermgmt.CRUD_UserResource"/>
  <testcase name="userResourceTest" time="1.173" classname="com.pid.qa.usermgmt.CRUD_UserResource"/>
  <testcase name="userResourceTest" time="1.287" classname="com.pid.qa.usermgmt.CRUD_UserResource"/>
  <testcase name="userResourceTest" time="1.264" classname="com.pid.qa.usermgmt.CRUD_UserResource"/>
  <testcase name="userResourceTest" time="1.180" classname="com.pid.qa.usermgmt.CRUD_UserResource"/>
  <testcase name="userResourceTest" time="1.218" classname="com.pid.qa.usermgmt.CRUD_UserResource"/>
  <testcase name="userResourceTest" time="1.227" classname="com.pid.qa.usermgmt.CRUD_UserResource"/>
  <testcase name="userResourceTest" time="1.161" classname="com.pid.qa.usermgmt.CRUD_UserResource"/>
  <testcase name="userResourceTest" time="1.310" classname="com.pid.qa.usermgmt.CRUD_UserResource"/>
  <testcase name="userResourceTest" time="1.311" classname="com.pid.qa.usermgmt.CRUD_UserResource"/>
  <testcase name="userResourceTest" time="1.380" classname="com.pid.qa.usermgmt.CRUD_UserResource"/>
  <testcase name="userResourceTest" time="1.220" classname="com.pid.qa.usermgmt.CRUD_UserResource"/>
  <testcase name="userResourceTest" time="1.197" classname="com.pid.qa.usermgmt.CRUD_UserResource"/>
  <testcase name="userResourceTest" time="1.220" classname="com.pid.qa.usermgmt.CRUD_UserResource"/>
  <testcase name="userResourceTest" time="1.289" classname="com.pid.qa.usermgmt.CRUD_UserResource"/>
  <testcase name="userResourceTest" time="1.192" classname="com.pid.qa.usermgmt.CRUD_UserResource"/>
  <testcase name="userResourceTest" time="1.231" classname="com.pid.qa.usermgmt.CRUD_UserResource"/>
  <testcase name="userResourceTest" time="1.195" classname="com.pid.qa.usermgmt.CRUD_UserResource"/>
  <testcase name="userResourceTest" time="1.365" classname="com.pid.qa.usermgmt.CRUD_UserResource"/>
  <testcase name="userResourceTest" time="1.241" classname="com.pid.qa.usermgmt.CRUD_UserResource"/>
  <testcase name="userResourceTest" time="1.197" classname="com.pid.qa.usermgmt.CRUD_UserResource"/>
  <testcase name="userResourceTest" time="1.415" classname="com.pid.qa.usermgmt.CRUD_UserResource"/>
  <testcase name="userResourceTest" time="1.209" classname="com.pid.qa.usermgmt.CRUD_UserResource"/>
  <testcase name="userResourceTest" time="1.243" classname="com.pid.qa.usermgmt.CRUD_UserResource"/>
  <testcase name="userResourceTest" time="1.635" classname="com.pid.qa.usermgmt.CRUD_UserResource"/>
  <testcase name="userResourceTest" time="1.234" classname="com.pid.qa.usermgmt.CRUD_UserResource"/>
  <testcase name="userResourceTest" time="1.281" classname="com.pid.qa.usermgmt.CRUD_UserResource"/>
  <testcase name="userResourceTest" time="1.108" classname="com.pid.qa.usermgmt.CRUD_UserResource"/>
  <testcase name="userResourceTest" time="1.234" classname="com.pid.qa.usermgmt.CRUD_UserResource"/>
  <testcase name="userResourceTest" time="1.111" classname="com.pid.qa.usermgmt.CRUD_UserResource"/>
  <testcase name="userResourceTest" time="1.217" classname="com.pid.qa.usermgmt.CRUD_UserResource"/>
  <testcase name="userResourceTest" time="1.158" classname="com.pid.qa.usermgmt.CRUD_UserResource"/>
</testsuite> <!-- com.pid.qa.usermgmt.CRUD_UserResource -->
