<?xml version="1.0" encoding="UTF-8"?>
<!-- Generated by org.testng.reporters.JUnitReportReporter -->
<testsuite skipped="0" hostname="SANDY-PC" name="com.pid.qa.usermgmt.EmployeeTest" tests="1" failures="0" timestamp="22 Jul 2020 13:06:01 GMT" time="2.667" errors="0">
  <testcase name="userResourceTest" time="2.667" classname="com.pid.qa.usermgmt.EmployeeTest"/>
</testsuite> <!-- com.pid.qa.usermgmt.EmployeeTest -->
