<?xml version="1.0" encoding="UTF-8"?>
<!-- Generated by org.testng.reporters.JUnitReportReporter -->
<testsuite skipped="0" hostname="DHRSJC00SM0029" name="com.pid.qa.usermgmt.AppDeveloperAuthentication" tests="2" failures="0" timestamp="24 Jun 2020 17:22:33 GMT" time="2.555" errors="0">
  <testcase name="appDeveloperAuthenticationTest" time="1.206" classname="com.pid.qa.usermgmt.AppDeveloperAuthentication"/>
  <testcase name="appDeveloperAuthenticationTest" time="1.349" classname="com.pid.qa.usermgmt.AppDeveloperAuthentication"/>
</testsuite> <!-- com.pid.qa.usermgmt.AppDeveloperAuthentication -->
