<?xml version="1.0" encoding="UTF-8"?>
<!-- Generated by org.testng.reporters.JUnitReportReporter -->
<testsuite skipped="0" hostname="DHRSJC00SM0029" name="com.pid.qa.usermgmt.RBAC_UserResource" tests="47" failures="1" timestamp="24 Jun 2020 17:22:33 GMT" time="55.044" errors="0">
  <testcase name="userResourceTest" time="1.325" classname="com.pid.qa.usermgmt.RBAC_UserResource"/>
  <testcase name="userResourceTest" time="1.157" classname="com.pid.qa.usermgmt.RBAC_UserResource"/>
  <testcase name="userResourceTest" time="1.112" classname="com.pid.qa.usermgmt.RBAC_UserResource"/>
  <testcase name="userResourceTest" time="1.156" classname="com.pid.qa.usermgmt.RBAC_UserResource"/>
  <testcase name="userResourceTest" time="1.180" classname="com.pid.qa.usermgmt.RBAC_UserResource"/>
  <testcase name="userResourceTest" time="1.156" classname="com.pid.qa.usermgmt.RBAC_UserResource"/>
  <testcase name="userResourceTest" time="1.154" classname="com.pid.qa.usermgmt.RBAC_UserResource"/>
  <testcase name="userResourceTest" time="1.145" classname="com.pid.qa.usermgmt.RBAC_UserResource"/>
  <testcase name="userResourceTest" time="1.247" classname="com.pid.qa.usermgmt.RBAC_UserResource"/>
  <testcase name="userResourceTest" time="1.172" classname="com.pid.qa.usermgmt.RBAC_UserResource"/>
  <testcase name="userResourceTest" time="1.123" classname="com.pid.qa.usermgmt.RBAC_UserResource"/>
  <testcase name="userResourceTest" time="1.110" classname="com.pid.qa.usermgmt.RBAC_UserResource"/>
  <testcase name="userResourceTest" time="1.166" classname="com.pid.qa.usermgmt.RBAC_UserResource"/>
  <testcase name="userResourceTest" time="1.181" classname="com.pid.qa.usermgmt.RBAC_UserResource"/>
  <testcase name="userResourceTest" time="1.145" classname="com.pid.qa.usermgmt.RBAC_UserResource"/>
  <testcase name="userResourceTest" time="1.190" classname="com.pid.qa.usermgmt.RBAC_UserResource"/>
  <testcase name="userResourceTest" time="1.138" classname="com.pid.qa.usermgmt.RBAC_UserResource"/>
  <testcase name="userResourceTest" time="1.163" classname="com.pid.qa.usermgmt.RBAC_UserResource"/>
  <testcase name="userResourceTest" time="1.239" classname="com.pid.qa.usermgmt.RBAC_UserResource"/>
  <testcase name="userResourceTest" time="1.148" classname="com.pid.qa.usermgmt.RBAC_UserResource"/>
  <testcase name="userResourceTest" time="1.154" classname="com.pid.qa.usermgmt.RBAC_UserResource"/>
  <testcase name="userResourceTest" time="1.195" classname="com.pid.qa.usermgmt.RBAC_UserResource"/>
  <testcase name="userResourceTest" time="1.112" classname="com.pid.qa.usermgmt.RBAC_UserResource"/>
  <testcase name="userResourceTest" time="1.070" classname="com.pid.qa.usermgmt.RBAC_UserResource"/>
  <testcase name="userResourceTest" time="1.190" classname="com.pid.qa.usermgmt.RBAC_UserResource"/>
  <testcase name="userResourceTest" time="1.218" classname="com.pid.qa.usermgmt.RBAC_UserResource"/>
  <testcase name="userResourceTest" time="1.081" classname="com.pid.qa.usermgmt.RBAC_UserResource"/>
  <testcase name="userResourceTest" time="1.251" classname="com.pid.qa.usermgmt.RBAC_UserResource"/>
  <testcase name="userResourceTest" time="1.189" classname="com.pid.qa.usermgmt.RBAC_UserResource"/>
  <testcase name="userResourceTest" time="1.198" classname="com.pid.qa.usermgmt.RBAC_UserResource"/>
  <testcase name="userResourceTest" time="1.160" classname="com.pid.qa.usermgmt.RBAC_UserResource"/>
  <testcase name="userResourceTest" time="1.193" classname="com.pid.qa.usermgmt.RBAC_UserResource"/>
  <testcase name="userResourceTest" time="1.264" classname="com.pid.qa.usermgmt.RBAC_UserResource"/>
  <testcase name="userResourceTest" time="1.071" classname="com.pid.qa.usermgmt.RBAC_UserResource"/>
  <testcase name="userResourceTest" time="1.163" classname="com.pid.qa.usermgmt.RBAC_UserResource"/>
  <testcase name="userResourceTest" time="1.110" classname="com.pid.qa.usermgmt.RBAC_UserResource"/>
  <testcase name="userResourceTest" time="1.197" classname="com.pid.qa.usermgmt.RBAC_UserResource"/>
  <testcase name="userResourceTest" time="1.218" classname="com.pid.qa.usermgmt.RBAC_UserResource"/>
  <testcase name="userResourceTest" time="1.207" classname="com.pid.qa.usermgmt.RBAC_UserResource"/>
  <testcase name="userResourceTest" time="1.154" classname="com.pid.qa.usermgmt.RBAC_UserResource"/>
  <testcase name="userResourceTest" time="1.236" classname="com.pid.qa.usermgmt.RBAC_UserResource"/>
  <testcase name="userResourceTest" time="1.129" classname="com.pid.qa.usermgmt.RBAC_UserResource">
    <failure type="java.lang.AssertionError" message="Lists differ at element [0]: UM406 != UM204 expected [UM406] but found [UM204]">
      <![CDATA[java.lang.AssertionError: Lists differ at element [0]: UM406 != UM204 expected [UM406] but found [UM204]
at org.testng.Assert.fail(Assert.java:96)
at org.testng.Assert.failNotEquals(Assert.java:776)
at org.testng.Assert.assertEqualsImpl(Assert.java:137)
at org.testng.Assert.assertEquals(Assert.java:831)
at org.testng.Assert.assertEquals(Assert.java:796)
at com.pid.qa.usermgmt.RBAC_UserResource.userResourceTest(RBAC_UserResource.java:67)
at sun.reflect.NativeMethodAccessorImpl.invoke0(Native Method)
at sun.reflect.NativeMethodAccessorImpl.invoke(Unknown Source)
at sun.reflect.DelegatingMethodAccessorImpl.invoke(Unknown Source)
at java.lang.reflect.Method.invoke(Unknown Source)
at org.testng.internal.MethodInvocationHelper.invokeMethod(MethodInvocationHelper.java:124)
at org.testng.internal.Invoker.invokeMethod(Invoker.java:583)
at org.testng.internal.Invoker.invokeTestMethod(Invoker.java:719)
at org.testng.internal.Invoker.invokeTestMethods(Invoker.java:989)
at org.testng.internal.TestMethodWorker.invokeTestMethods(TestMethodWorker.java:125)
at org.testng.internal.TestMethodWorker.run(TestMethodWorker.java:109)
at org.testng.TestRunner.privateRun(TestRunner.java:648)
at org.testng.TestRunner.run(TestRunner.java:505)
at org.testng.SuiteRunner.runTest(SuiteRunner.java:455)
at org.testng.SuiteRunner.runSequentially(SuiteRunner.java:450)
at org.testng.SuiteRunner.privateRun(SuiteRunner.java:415)
at org.testng.SuiteRunner.run(SuiteRunner.java:364)
at org.testng.SuiteRunnerWorker.runSuite(SuiteRunnerWorker.java:52)
at org.testng.SuiteRunnerWorker.run(SuiteRunnerWorker.java:84)
at org.testng.TestNG.runSuitesSequentially(TestNG.java:1208)
at org.testng.TestNG.runSuitesSequentially(TestNG.java:1204)
at org.testng.TestNG.runSuitesLocally(TestNG.java:1137)
at org.testng.TestNG.runSuites(TestNG.java:1049)
at org.testng.TestNG.run(TestNG.java:1017)
at org.testng.remote.AbstractRemoteTestNG.run(AbstractRemoteTestNG.java:115)
at org.testng.remote.RemoteTestNG.initAndRun(RemoteTestNG.java:251)
at org.testng.remote.RemoteTestNG.main(RemoteTestNG.java:77)
]]>
    </failure>
  </testcase> <!-- userResourceTest -->
  <testcase name="userResourceTest" time="1.114" classname="com.pid.qa.usermgmt.RBAC_UserResource"/>
  <testcase name="userResourceTest" time="1.194" classname="com.pid.qa.usermgmt.RBAC_UserResource"/>
  <testcase name="userResourceTest" time="1.180" classname="com.pid.qa.usermgmt.RBAC_UserResource"/>
  <testcase name="userResourceTest" time="1.216" classname="com.pid.qa.usermgmt.RBAC_UserResource"/>
  <testcase name="userResourceTest" time="1.173" classname="com.pid.qa.usermgmt.RBAC_UserResource"/>
</testsuite> <!-- com.pid.qa.usermgmt.RBAC_UserResource -->
